2014-09-10 22:36:54,378 [ModalContext] ERROR o.e.m.c.u.i.w.MavenProjectWizardArchetypeParametersPage - Could not create artifact repository
org.eclipse.core.runtime.CoreException: Could not create artifact repository
	at org.eclipse.m2e.core.internal.embedder.MavenImpl.createArtifactRepository(MavenImpl.java:1038) ~[na:na]
	at org.eclipse.m2e.core.internal.archetype.ArchetypeManager.getArchetypeRepository(ArchetypeManager.java:158) ~[na:na]
	at org.eclipse.m2e.core.ui.internal.wizards.MavenProjectWizardArchetypeParametersPage$RequiredPropertiesLoader.run(MavenProjectWizardArchetypeParametersPage.java:445) ~[org.eclipse.m2e.core.ui_1.4.0.20130601-0317.jar:na]
	at org.eclipse.jface.operation.ModalContext$ModalContextThread.run(ModalContext.java:121) [org.eclipse.jface_3.9.0.v20130521-1714.jar:na]
Caused by: org.apache.maven.artifact.InvalidRepositoryException: URL missing for repository maven-archetype-webapp-repo
	at org.apache.maven.repository.legacy.LegacyRepositorySystem.buildArtifactRepository(LegacyRepositorySystem.java:775) ~[na:na]
	at org.eclipse.m2e.core.internal.embedder.MavenImpl.createArtifactRepository(MavenImpl.java:1034) ~[na:na]
	... 3 common frames omitted
2014-09-10 22:38:23,407 [Worker-6] ERROR o.e.m.c.i.p.ProjectConfigurationManager - Unable to create project from archetype [org.apache.maven.archetypes:maven-archetype-webapp:1.0 -> ]
org.apache.maven.archetype.exception.UnknownArchetype: The desired archetype does not exist (org.apache.maven.archetypes:maven-archetype-webapp:1.0)
	at org.apache.maven.archetype.generator.DefaultArchetypeGenerator.generateArchetype(DefaultArchetypeGenerator.java:112) ~[archetype-common-2.0-alpha-4.jar:2.0-alpha-4]
	at org.apache.maven.archetype.generator.DefaultArchetypeGenerator.generateArchetype(DefaultArchetypeGenerator.java:286) ~[archetype-common-2.0-alpha-4.jar:2.0-alpha-4]
	at org.apache.maven.archetype.DefaultArchetype.generateProjectFromArchetype(DefaultArchetype.java:69) ~[archetype-common-2.0-alpha-4.jar:2.0-alpha-4]
	at org.eclipse.m2e.core.internal.project.ProjectConfigurationManager.createArchetypeProjects0(ProjectConfigurationManager.java:761) [org.eclipse.m2e.core_1.4.0.20130601-0317.jar:na]
	at org.eclipse.m2e.core.internal.project.ProjectConfigurationManager$4.call(ProjectConfigurationManager.java:710) [org.eclipse.m2e.core_1.4.0.20130601-0317.jar:na]
	at org.eclipse.m2e.core.internal.project.ProjectConfigurationManager$4.call(ProjectConfigurationManager.java:1) [org.eclipse.m2e.core_1.4.0.20130601-0317.jar:na]
	at org.eclipse.m2e.core.internal.embedder.MavenExecutionContext.executeBare(MavenExecutionContext.java:161) [org.eclipse.m2e.core_1.4.0.20130601-0317.jar:na]
	at org.eclipse.m2e.core.internal.embedder.MavenExecutionContext.execute(MavenExecutionContext.java:137) [org.eclipse.m2e.core_1.4.0.20130601-0317.jar:na]
	at org.eclipse.m2e.core.internal.embedder.MavenExecutionContext.execute(MavenExecutionContext.java:89) [org.eclipse.m2e.core_1.4.0.20130601-0317.jar:na]
	at org.eclipse.m2e.core.internal.embedder.MavenImpl.execute(MavenImpl.java:1305) [org.eclipse.m2e.core_1.4.0.20130601-0317.jar:na]
	at org.eclipse.m2e.core.internal.project.ProjectConfigurationManager.createArchetypeProjects(ProjectConfigurationManager.java:708) [org.eclipse.m2e.core_1.4.0.20130601-0317.jar:na]
	at org.eclipse.m2e.core.ui.internal.wizards.MavenProjectWizard$5.doCreateMavenProjects(MavenProjectWizard.java:244) [org.eclipse.m2e.core.ui_1.4.0.20130601-0317.jar:na]
	at org.eclipse.m2e.core.ui.internal.wizards.AbstactCreateMavenProjectJob$1.doCreateMavenProjects(AbstactCreateMavenProjectJob.java:46) [org.eclipse.m2e.core.ui_1.4.0.20130601-0317.jar:na]
	at org.eclipse.m2e.core.ui.internal.wizards.AbstractCreateMavenProjectsOperation.run(AbstractCreateMavenProjectsOperation.java:74) [org.eclipse.m2e.core.ui_1.4.0.20130601-0317.jar:na]
	at org.eclipse.m2e.core.ui.internal.wizards.AbstactCreateMavenProjectJob.runInWorkspace(AbstactCreateMavenProjectJob.java:50) [org.eclipse.m2e.core.ui_1.4.0.20130601-0317.jar:na]
	at org.eclipse.core.internal.resources.InternalWorkspaceJob.run(InternalWorkspaceJob.java:38) [org.eclipse.core.resources_3.8.100.v20130521-2026.jar:na]
	at org.eclipse.core.internal.jobs.Worker.run(Worker.java:53) [org.eclipse.core.jobs_3.5.300.v20130429-1813.jar:na]
2014-09-10 22:39:21,941 [ModalContext] ERROR o.e.m.c.u.i.w.MavenProjectWizardArchetypeParametersPage - Could not create artifact repository
org.eclipse.core.runtime.CoreException: Could not create artifact repository
	at org.eclipse.m2e.core.internal.embedder.MavenImpl.createArtifactRepository(MavenImpl.java:1038) ~[na:na]
	at org.eclipse.m2e.core.internal.archetype.ArchetypeManager.getArchetypeRepository(ArchetypeManager.java:158) ~[na:na]
	at org.eclipse.m2e.core.ui.internal.wizards.MavenProjectWizardArchetypeParametersPage$RequiredPropertiesLoader.run(MavenProjectWizardArchetypeParametersPage.java:445) ~[org.eclipse.m2e.core.ui_1.4.0.20130601-0317.jar:na]
	at org.eclipse.jface.operation.ModalContext$ModalContextThread.run(ModalContext.java:121) [org.eclipse.jface_3.9.0.v20130521-1714.jar:na]
Caused by: org.apache.maven.artifact.InvalidRepositoryException: URL missing for repository maven-archetype-webapp-repo
	at org.apache.maven.repository.legacy.LegacyRepositorySystem.buildArtifactRepository(LegacyRepositorySystem.java:775) ~[na:na]
	at org.eclipse.m2e.core.internal.embedder.MavenImpl.createArtifactRepository(MavenImpl.java:1034) ~[na:na]
	... 3 common frames omitted
2014-09-10 22:39:40,119 [Worker-6] ERROR o.e.m.c.i.p.ProjectConfigurationManager - Unable to create project from archetype [org.apache.maven.archetypes:maven-archetype-webapp:1.0 -> ]
org.apache.maven.archetype.exception.UnknownArchetype: The desired archetype does not exist (org.apache.maven.archetypes:maven-archetype-webapp:1.0)
	at org.apache.maven.archetype.generator.DefaultArchetypeGenerator.generateArchetype(DefaultArchetypeGenerator.java:112) ~[archetype-common-2.0-alpha-4.jar:2.0-alpha-4]
	at org.apache.maven.archetype.generator.DefaultArchetypeGenerator.generateArchetype(DefaultArchetypeGenerator.java:286) ~[archetype-common-2.0-alpha-4.jar:2.0-alpha-4]
	at org.apache.maven.archetype.DefaultArchetype.generateProjectFromArchetype(DefaultArchetype.java:69) ~[archetype-common-2.0-alpha-4.jar:2.0-alpha-4]
	at org.eclipse.m2e.core.internal.project.ProjectConfigurationManager.createArchetypeProjects0(ProjectConfigurationManager.java:761) [org.eclipse.m2e.core_1.4.0.20130601-0317.jar:na]
	at org.eclipse.m2e.core.internal.project.ProjectConfigurationManager$4.call(ProjectConfigurationManager.java:710) [org.eclipse.m2e.core_1.4.0.20130601-0317.jar:na]
	at org.eclipse.m2e.core.internal.project.ProjectConfigurationManager$4.call(ProjectConfigurationManager.java:1) [org.eclipse.m2e.core_1.4.0.20130601-0317.jar:na]
	at org.eclipse.m2e.core.internal.embedder.MavenExecutionContext.executeBare(MavenExecutionContext.java:161) [org.eclipse.m2e.core_1.4.0.20130601-0317.jar:na]
	at org.eclipse.m2e.core.internal.embedder.MavenExecutionContext.execute(MavenExecutionContext.java:137) [org.eclipse.m2e.core_1.4.0.20130601-0317.jar:na]
	at org.eclipse.m2e.core.internal.embedder.MavenExecutionContext.execute(MavenExecutionContext.java:89) [org.eclipse.m2e.core_1.4.0.20130601-0317.jar:na]
	at org.eclipse.m2e.core.internal.embedder.MavenImpl.execute(MavenImpl.java:1305) [org.eclipse.m2e.core_1.4.0.20130601-0317.jar:na]
	at org.eclipse.m2e.core.internal.project.ProjectConfigurationManager.createArchetypeProjects(ProjectConfigurationManager.java:708) [org.eclipse.m2e.core_1.4.0.20130601-0317.jar:na]
	at org.eclipse.m2e.core.ui.internal.wizards.MavenProjectWizard$5.doCreateMavenProjects(MavenProjectWizard.java:244) [org.eclipse.m2e.core.ui_1.4.0.20130601-0317.jar:na]
	at org.eclipse.m2e.core.ui.internal.wizards.AbstactCreateMavenProjectJob$1.doCreateMavenProjects(AbstactCreateMavenProjectJob.java:46) [org.eclipse.m2e.core.ui_1.4.0.20130601-0317.jar:na]
	at org.eclipse.m2e.core.ui.internal.wizards.AbstractCreateMavenProjectsOperation.run(AbstractCreateMavenProjectsOperation.java:74) [org.eclipse.m2e.core.ui_1.4.0.20130601-0317.jar:na]
	at org.eclipse.m2e.core.ui.internal.wizards.AbstactCreateMavenProjectJob.runInWorkspace(AbstactCreateMavenProjectJob.java:50) [org.eclipse.m2e.core.ui_1.4.0.20130601-0317.jar:na]
	at org.eclipse.core.internal.resources.InternalWorkspaceJob.run(InternalWorkspaceJob.java:38) [org.eclipse.core.resources_3.8.100.v20130521-2026.jar:na]
	at org.eclipse.core.internal.jobs.Worker.run(Worker.java:53) [org.eclipse.core.jobs_3.5.300.v20130429-1813.jar:na]
2014-09-10 22:41:10,980 [ModalContext] ERROR o.e.m.c.u.i.w.MavenProjectWizardArchetypeParametersPage - Could not create artifact repository
org.eclipse.core.runtime.CoreException: Could not create artifact repository
	at org.eclipse.m2e.core.internal.embedder.MavenImpl.createArtifactRepository(MavenImpl.java:1038) ~[na:na]
	at org.eclipse.m2e.core.internal.archetype.ArchetypeManager.getArchetypeRepository(ArchetypeManager.java:158) ~[na:na]
	at org.eclipse.m2e.core.ui.internal.wizards.MavenProjectWizardArchetypeParametersPage$RequiredPropertiesLoader.run(MavenProjectWizardArchetypeParametersPage.java:445) ~[org.eclipse.m2e.core.ui_1.4.0.20130601-0317.jar:na]
	at org.eclipse.jface.operation.ModalContext$ModalContextThread.run(ModalContext.java:121) [org.eclipse.jface_3.9.0.v20130521-1714.jar:na]
Caused by: org.apache.maven.artifact.InvalidRepositoryException: URL missing for repository maven-archetype-webapp-repo
	at org.apache.maven.repository.legacy.LegacyRepositorySystem.buildArtifactRepository(LegacyRepositorySystem.java:775) ~[na:na]
	at org.eclipse.m2e.core.internal.embedder.MavenImpl.createArtifactRepository(MavenImpl.java:1034) ~[na:na]
	... 3 common frames omitted
2014-09-10 22:41:27,155 [pool-2-thread-1] INFO  o.e.m.c.i.e.AbstractTransferListenerAdapter - Downloaded file:///C:/Users/dhakshin/.m2/repository/org/apache/maven/archetypes/maven-archetype-webapp/1.0/maven-archetype-webapp-1.0.jar
2014-09-10 22:41:27,187 [Worker-6] INFO  o.e.m.c.i.p.ProjectConfigurationManager - Collecting project info '/pom.xml' C:\dhaks\workspace\java\github\cs_5910_fall_14\ucm_cs5910_fall14_gxp23240\cs5910_fall_14_ecomm\pom.xml
2014-09-10 22:41:27,699 [Worker-6] INFO  o.e.m.c.i.l.LifecycleMappingFactory - Using org.maven.ide.eclipse.wtp.WarLifecycleMapping lifecycle mapping for MavenProject: edu.ucmo.cs5910.ecomm.sc:cs5910_fall_14_ecomm:0.0.1-SNAPSHOT @ C:\dhaks\workspace\java\github\cs_5910_fall_14\ucm_cs5910_fall14_gxp23240\cs5910_fall_14_ecomm\pom.xml.
2014-09-10 22:41:27,970 [Worker-6] INFO  o.e.m.j.i.AbstractJavaProjectConfigurator - Adding source folder /cs5910_fall_14_ecomm/src/main/java
2014-09-10 22:41:27,971 [Worker-6] INFO  o.e.m.j.i.AbstractJavaProjectConfigurator - Adding resource folder /cs5910_fall_14_ecomm/src/main/resources
2014-09-10 22:41:27,971 [Worker-6] INFO  o.e.m.j.i.AbstractJavaProjectConfigurator - Adding source folder /cs5910_fall_14_ecomm/src/test/java
2014-09-10 22:41:29,183 [Worker-6] INFO  o.e.m.c.i.p.ProjectConfigurationManager - Project import completed 1 sec
2014-09-10 22:41:30,102 [Worker-6] INFO  o.e.m.c.i.l.LifecycleMappingFactory - Using org.maven.ide.eclipse.wtp.WarLifecycleMapping lifecycle mapping for MavenProject: edu.ucmo.cs5910.ecomm.sc:cs5910_fall_14_ecomm:0.0.1-SNAPSHOT @ C:\dhaks\workspace\java\github\cs_5910_fall_14\ucm_cs5910_fall14_gxp23240\cs5910_fall_14_ecomm\pom.xml.
2014-09-10 22:41:33,085 [Worker-9] INFO  o.e.m.c.i.l.LifecycleMappingFactory - Using org.maven.ide.eclipse.wtp.WarLifecycleMapping lifecycle mapping for MavenProject: edu.ucmo.cs5910.ecomm.sc:cs5910_fall_14_ecomm:0.0.1-SNAPSHOT @ C:\dhaks\workspace\java\github\cs_5910_fall_14\ucm_cs5910_fall14_gxp23240\cs5910_fall_14_ecomm\pom.xml.
2014-09-10 22:41:33,189 [Worker-9] WARN  o.e.m.c.i.embedder.EclipseLogger - Using platform encoding (Cp1252 actually) to copy filtered resources, i.e. build is platform dependent!
2014-09-10 22:41:33,195 [Worker-9] INFO  o.e.m.c.i.embedder.EclipseLogger - Copying 0 resource
2014-09-10 22:41:33,197 [Worker-9] WARN  o.e.m.c.i.embedder.EclipseLogger - Using platform encoding (Cp1252 actually) to copy filtered resources, i.e. build is platform dependent!
2014-09-10 22:41:33,198 [Worker-9] INFO  o.e.m.c.i.embedder.EclipseLogger - skip non existing resourceDirectory C:\dhaks\workspace\java\github\cs_5910_fall_14\ucm_cs5910_fall14_gxp23240\cs5910_fall_14_ecomm\src\test\resources
2014-09-10 22:41:34,385 [Worker-10] WARN  o.e.m.c.i.embedder.EclipseLogger - Using platform encoding (Cp1252 actually) to copy filtered resources, i.e. build is platform dependent!
2014-09-10 22:41:34,388 [Worker-10] INFO  o.e.m.c.i.embedder.EclipseLogger - Copying 0 resource
2014-09-10 22:41:34,389 [Worker-10] WARN  o.e.m.c.i.embedder.EclipseLogger - Using platform encoding (Cp1252 actually) to copy filtered resources, i.e. build is platform dependent!
2014-09-10 22:41:34,390 [Worker-10] INFO  o.e.m.c.i.embedder.EclipseLogger - skip non existing resourceDirectory C:\dhaks\workspace\java\github\cs_5910_fall_14\ucm_cs5910_fall14_gxp23240\cs5910_fall_14_ecomm\src\test\resources
2014-09-10 22:43:18,377 [Worker-6] WARN  o.e.m.c.i.embedder.EclipseLogger - Using platform encoding (Cp1252 actually) to copy filtered resources, i.e. build is platform dependent!
2014-09-10 22:43:18,378 [Worker-6] INFO  o.e.m.c.i.embedder.EclipseLogger - Copying 0 resource
2014-09-10 22:43:18,379 [Worker-6] WARN  o.e.m.c.i.embedder.EclipseLogger - Using platform encoding (Cp1252 actually) to copy filtered resources, i.e. build is platform dependent!
2014-09-10 22:43:18,380 [Worker-6] INFO  o.e.m.c.i.embedder.EclipseLogger - skip non existing resourceDirectory C:\dhaks\workspace\java\github\cs_5910_fall_14\ucm_cs5910_fall14_gxp23240\cs5910_fall_14_ecomm\src\test\resources
